$ ./printTags.sh jc21/nginx-proxy-manager
latest
github-develop
github-pr-3809
github-pr-3819
github-pr-3815
github-pr-3810
github-dependabot-npm_and_yarn-backend-braces-3-0-3
github-pr-3121
github-pr-3792
github-pr-3790
github-pr-3789
github-pr-3781
github-bump-freedns
2
2.11.2
github-pr-3750
v3
github-pr-3766
github-pr-3726
github-pr-3764
github-pr-3747
github-pr-3116
github-pr-3733
github-pr-3364
github-pr-3729
github-pr-3721
github-pr-3715
github-pr-3569
github-pr-3571
github-pr-3702
github-dependabot-npm_and_yarn-docs-tar-6-2-1
github-pr-3698
github-dependabot-npm_and_yarn-frontend-tar-6-2-1
github-pr-3697
github-pr-3696
github-pr-3691
github-pr-3689
github-pr-3679
github-dependabot-npm_and_yarn-docs-vite-5-0-13
github-pr-3676
github-pr-3666
github-dependabot-npm_and_yarn-backend-express-4-19-2
github-pr-3660
github-pr-3654
github-pr-2606
github-pr-3643
github-pr-3642
github-pr-3639
github-pr-3618
github-pr-3617
github-pr-3600
2.11.1
github-pr-3589
github-dependabot-npm_and_yarn-docs-ip-2-0-1
github-dependabot-npm_and_yarn-backend-ip-2-0-1
github-pr-3581
github-pr-3584
github-pr-3583
github-pr-3570
github-dependabot-npm_and_yarn-frontend-ip-2-0-1
github-pr-3560
github-pr-3554
github-pr-3531
github-pr-3532
github-pr-3530
github-pr-3526
github-pr-3513
github-pr-3331
github-pr-3478
github-pr-3494
github-pr-3483
github-dependabot-npm_and_yarn-docs-vite-5-0-12
github-pr-3479
2.11.0
github-pr-3466
github-pr-3258
github-pr-3392
github-pr-3445
github-pr-3444
github-bookworm-base
github-pr-3395
github-dependabot-npm_and_yarn-docs-follow-redirects-1-15-4
github-pr-3442
github-pr-3360
github-pr-3361
github-pr-3437
github-pr-3238
github-dependabot-npm_and_yarn-docs-postcss-8-4-31
github-pr-3436
github-pr-3262
github-dependabot-npm_and_yarn-docs-babel-traverse-7-23-7
2.10.4
github-pr-3422
github-pr-3427
github-pr-1985
github-pr-3408
github-pr-3399
github-pr-3388
github-pr-3401
github-pr-3382
github-pr-3377
github-pr-3367
github-pr-3344
github-pr-3232
github-pr-3263
github-pr-3325
github--------
github---------------------------------------------------
github-------------------------------------------------------
github-pr-3281
github-pr-3247
github-pr-3219
github-pr-3212
github-pr-3199
github-pr-3194
github-pr-3190
github-pr-3188
github-pr-2956
github-pr-3155
github-pr-3165
github-pr-3151
github-pr-2714
github-pr-2672
github-pr-3147
github-pr-3117
github-pr-2611
github-pr-3089
github-pr-3078
github-pr-3069
github-pr-3044
github-pr-3018
github-pr-3067
github-pr-3066
github-pr-3065
github-pr-3054
github-pr-3053
github-pr-3051
github-pr-3049
github-pr-3048
github-pr-3027
github-pr-3000
github-pr-2971
github-pr-2846
github-pr-2899
github-pr-2942
github-pr-2932
github-pr-2929
github-pr-2924
2.10.3
github-pr-2905
github-pr-2904
github-s6-verbose
github-pr-2898
github-pr-2871
github-pr-2816
github-pr-2805
github-pr-2790
github-pr-2785
github-pr-519
2.10.2
github-pr-1964
github-pr-2052
github-pr-2038
github-pr-2045
github-pr-2272
github-pr-2402
github-pr-2784
github-uidgid
2.10.1
github-pr-2764
2.10.0
github-pr-2749
2.9.22
github-pr-2599
github-pr-2512
github-docker-user-group
github-pr-2721
github-pr-1882
github-pr-2677
2.9.21
github-pr-2703
github-pr-2702
github-pr-2701
2.9.20
github-pr-2686
github-pr-2630
github-pr-2530
github-pr-2411
github-test-pipeline
github-pr-2661
github-cypress-up
github-pr-2635
github-pr-2647
github-pr-2655
github-dependabot-npm_and_yarn-frontend-qs-6.5.3
github-pr-2469
github-pr-2453
github-pr-2659
github-dependabot-npm_and_yarn-docs-qs-6.10.3
github-dependabot-npm_and_yarn-docs-postcss-8.2.13
github-dependabot-npm_and_yarn-frontend-decode-uri-component-0.2.2
github-pr-2470
github-dependabot-npm_and_yarn-backend-express-4.17.3
github-pr-2462
github-pr-1958
github-pr-1851
github-dependabot-npm_and_yarn-docs-qs-6.9.7
github-dependabot-npm_and_yarn-docs-minimist-1.2.6
github-dependabot-npm_and_yarn-test-ajv-6.12.6
github-pr-1933
github-pr-1934
github-pr-1947
github-pr-2454
github-pr-2031
github-pr-2471
github-pr-2497
github-pr-2498
github-dependabot-npm_and_yarn-backend-liquidjs-10.0.0
github-pr-2513
github-pr-2649
github-pr-2648
github-dependabot-npm_and_yarn-frontend-minimist-1.2.8
github-dependabot-npm_and_yarn-docs-node-forge-1.3.0
github-dependabot-npm_and_yarn-docs-express-4.17.3
github-dependabot-npm_and_yarn-docs-json5-2.2.2
github-dependabot-npm_and_yarn-docs-decode-uri-component-0.2.1
github-dependabot-npm_and_yarn-docs-async-3.2.2
github-dependabot-npm_and_yarn-docs-ansi-html-0.0.8
github-dependabot-npm_and_yarn-backend-jsonwebtoken-9.0.0
github-dependabot-npm_and_yarn-backend-minimist-1.2.8
github-dependabot-npm_and_yarn-docs-dns-packet-5.4.0
github-pr-2644
github-pr-2638
github-pr-2620
github-dependabot-npm_and_yarn-frontend-http-cache-semantics-4.1.1
github-pr-2585
github-dependabot-npm_and_yarn-backend-http-cache-semantics-4.1.1
github-pr-2584
github-dependabot-npm_and_yarn-docs-http-cache-semantics-4.1.1
github-pr-2583
github-pr-2582
github-dependabot-npm_and_yarn-frontend-ua-parser-js-0.7.33
github-pr-2564
github-dependabot-npm_and_yarn-backend-knex-2.4.0
github-pr-2534
github-pr-2527
github-pr-2523
github-pr-2507
github-pr-2444
github-pr-2421
github-pr-2410
github-pr-2409
2.9.19
github-pr-2380
github-pr-2222
github-pr-2230
github-pr-2294
github-pr-2312
github-pr-2298
github-pr-2327
github-pr-2379
github-pr-2373
github-pr-2355
github-pr-1844
github-pr-1956
github-pr-2335
github-pr-2250
github-pr-2249
github-pr-1479
github-pr-1957
github-pr-1921
github-pr-2110
github-pr-2090
2.9.18
2.9.17
github-pr-1966
github-test-html-encode
github-pr-1904
github-pr-1895
github-pr-1892
github-pr-1875
2.9.16
github-pr-1868
github-pr-1353
github-pr-1864
github-pr-1822
github-pr-1839
github-pr-1830
github-pr-1824
github-certbot-dns-transip-update
github-pr-1773
2.9.15
github-pr-1766
github-pr-1767
github-pr-1765
github-pr-1763
github-pr-1760
github-pr-1758
2.9.14
github-pr-1716
github-adds-tencentcloud-dns-challenge
github-pr-1704
github-pr-1703
github-pr-1701
github-pr-1697
github-pr-1614
github-pr-1666
github-pr-1677
2.9.13
github-pr-1538
github-adds-http-challenge-test
github-undo-switch-to-variables
github-pr-1578
github-pr-1383
github-pr-1523
2.9.12
github-pr-1574
github-pr-1559
github-pr-1565
github-pr-1566
github-pr-1561
github-pr-1547
github-pr-1546
github-pr-1544
2.9.11
github-pr-1519
2.9.10
github-pr-1517
github-adds-dns-websupportsk-challenge
github-pr-1504
github-pr-1476
github-pr-1474
github-certbot-plugin-updates
github-fixes-navigation-on-mobile
github-pr-1415
github-pr-1412
github-pr-1399
github-pr-1396
2.9.9
github-openidc
github-pr-1388
github-pr-957
github-pr-1384
github-pr-1376
github-pr-1368
github-pr-1366
2.9.8
github-pr-1348
github-pr-1310
github-pr-1309
github-pr-1308
github-pr-1300
2.9.7
github-pr-1293
2.9.6
github-pr-1286
github-pr-1265
github-pr-1261
github-pr-1255
2.9.5
github-pr-1248
github-pr-1229
github-adds-logrotation
2.9.4
2.9.3
2.9.2
2.9.1
2.9.0
2.8.1
2.8.0
2.7.3
2.7.2
2.7.1
2.7.0
2.6.2
2.6.1
2.6.0
2.5.0
2.4.0
2.3.1
2.3.0
2.2.4
2.1.1
2.1.0
There're 384 tags in jc21/nginx-proxy-manager